INFO: [VRFC 10-2263] Analyzing Verilog file "D:/Xilinx/Projects/seq/seq.srcs/sources_1/new/Decode.v" into library xil_defaultlib
INFO: [VRFC 10-311] analyzing module Decode
INFO: [VRFC 10-2263] Analyzing Verilog file "D:/Xilinx/Projects/seq/seq.srcs/sources_1/new/Execute.v" into library xil_defaultlib
INFO: [VRFC 10-311] analyzing module Execute
INFO: [VRFC 10-2263] Analyzing Verilog file "D:/Xilinx/Projects/seq/seq.srcs/sources_1/new/Fetch.v" into library xil_defaultlib
INFO: [VRFC 10-311] analyzing module Fetch
INFO: [VRFC 10-2263] Analyzing Verilog file "D:/Xilinx/Projects/seq/seq.srcs/sources_1/new/Memory.v" into library xil_defaultlib
INFO: [VRFC 10-311] analyzing module Memory
INFO: [VRFC 10-2263] Analyzing Verilog file "D:/Xilinx/Projects/seq/seq.srcs/sources_1/new/Update.v" into library xil_defaultlib
INFO: [VRFC 10-311] analyzing module Update
INFO: [VRFC 10-2263] Analyzing Verilog file "D:/Xilinx/Projects/seq/seq.srcs/sources_1/new/Write.v" into library xil_defaultlib
INFO: [VRFC 10-311] analyzing module Write
INFO: [VRFC 10-2263] Analyzing Verilog file "D:/Xilinx/Projects/seq/seq.srcs/sources_1/new/inst_rom.v" into library xil_defaultlib
INFO: [VRFC 10-311] analyzing module inst_rom
INFO: [VRFC 10-2263] Analyzing Verilog file "D:/Xilinx/Projects/seq/seq.srcs/sources_1/new/regfile.v" into library xil_defaultlib
INFO: [VRFC 10-311] analyzing module regfile
INFO: [VRFC 10-2263] Analyzing Verilog file "D:/Xilinx/Projects/seq/seq.srcs/sources_1/new/y86cpu.v" into library xil_defaultlib
INFO: [VRFC 10-311] analyzing module y86cpu
INFO: [VRFC 10-2263] Analyzing Verilog file "D:/Xilinx/Projects/seq/seq.srcs/sources_1/new/y86cpu_a.v" into library xil_defaultlib
INFO: [VRFC 10-311] analyzing module y86cpu_a
INFO: [VRFC 10-2263] Analyzing Verilog file "D:/Xilinx/Projects/seq/seq.srcs/sim_1/new/y86_sim.v" into library xil_defaultlib
INFO: [VRFC 10-311] analyzing module y86_sim
INFO: [VRFC 10-2263] Analyzing Verilog file "D:/Xilinx/Projects/seq/seq.sim/sim_1/behav/glbl.v" into library xil_defaultlib
INFO: [VRFC 10-311] analyzing module glbl
